PhotoLapse/app/build/intermediates/manifest_merge_blame_file/release/processReleaseMainManifest/manifest-merger-blame-release-report.txt
1<?xml version="1.0" encoding="utf-8"?>
2<manifest xmlns:android="http://schemas.android.com/apk/res/android"
3    package="suzdalenko.photolapse"
4    android:versionCode="6"
5    android:versionName="6" >
6
7    <uses-sdk
8        android:minSdkVersion="24"
9        android:targetSdkVersion="34" />
10
11    <uses-feature
11-->src\main\AndroidManifest.xml:5:5-85
12        android:name="android.hardware.camera"
12-->src\main\AndroidManifest.xml:5:19-57
13        android:required="false" />
13-->src\main\AndroidManifest.xml:5:58-82
14
15    <uses-permission android:name="android.permission.SCHEDULE_EXACT_ALARM" />
15-->src\main\AndroidManifest.xml:6:5-78
15-->src\main\AndroidManifest.xml:6:22-76
16    <uses-permission android:name="android.permission.INTERNET" />
16-->src\main\AndroidManifest.xml:7:5-67
16-->src\main\AndroidManifest.xml:7:22-64
17    <uses-permission android:name="android.permission.RECEIVE_BOOT_COMPLETED" />
17-->src\main\AndroidManifest.xml:8:5-81
17-->src\main\AndroidManifest.xml:8:22-78
18    <uses-permission android:name="android.permission.SYSTEM_ALERT_WINDOW" />
18-->src\main\AndroidManifest.xml:9:5-78
18-->src\main\AndroidManifest.xml:9:22-75
19    <uses-permission android:name="android.permission.CAMERA" />
19-->src\main\AndroidManifest.xml:10:5-65
19-->src\main\AndroidManifest.xml:10:22-62
20    <uses-permission android:name="android.permission.WRITE_EXTERNAL_STORAGE" />
20-->src\main\AndroidManifest.xml:11:5-81
20-->src\main\AndroidManifest.xml:11:22-78
21    <uses-permission android:name="android.permission.READ_EXTERNAL_STORAGE" />
21-->src\main\AndroidManifest.xml:12:5-80
21-->src\main\AndroidManifest.xml:12:22-77
22    <uses-permission android:name="android.permission.FOREGROUND_SERVICE" />
22-->src\main\AndroidManifest.xml:13:5-77
22-->src\main\AndroidManifest.xml:13:22-74
23    <uses-permission android:name="android.permission.FOREGROUND_SERVICE_CAMERA" />
23-->src\main\AndroidManifest.xml:14:5-84
23-->src\main\AndroidManifest.xml:14:22-81
24    <uses-permission android:name="android.permission.WAKE_LOCK" />
24-->src\main\AndroidManifest.xml:15:5-68
24-->src\main\AndroidManifest.xml:15:22-65
25    <uses-permission android:name="android.permission.REQUEST_IGNORE_BATTERY_OPTIMIZATIONS" />
25-->src\main\AndroidManifest.xml:16:5-95
25-->src\main\AndroidManifest.xml:16:22-92
26
27    <permission
27-->[androidx.core:core:1.13.1] AndroidManifest.xml:22:5-24:47
28        android:name="suzdalenko.photolapse.DYNAMIC_RECEIVER_NOT_EXPORTED_PERMISSION"
28-->[androidx.core:core:1.13.1] AndroidManifest.xml:23:9-81
29        android:protectionLevel="signature" />
29-->[androidx.core:core:1.13.1] AndroidManifest.xml:24:9-44
30
31    <uses-permission android:name="suzdalenko.photolapse.DYNAMIC_RECEIVER_NOT_EXPORTED_PERMISSION" />
31-->[androidx.core:core:1.13.1] AndroidManifest.xml:26:5-97
31-->[androidx.core:core:1.13.1] AndroidManifest.xml:26:22-94
32
33    <application
33-->src\main\AndroidManifest.xml:18:5-99:19
34        android:name="suzdalenko.photolapse.util.MyApp"
34-->src\main\AndroidManifest.xml:19:9-56
35        android:allowBackup="true"
35-->src\main\AndroidManifest.xml:20:9-35
36        android:appComponentFactory="androidx.core.app.CoreComponentFactory"
36-->[androidx.core:core:1.13.1] AndroidManifest.xml:28:18-86
37        android:dataExtractionRules="@xml/data_extraction_rules"
37-->src\main\AndroidManifest.xml:21:9-65
38        android:extractNativeLibs="false"
39        android:fullBackupContent="@xml/backup_rules"
39-->src\main\AndroidManifest.xml:22:9-54
40        android:icon="@mipmap/ic_launcher"
40-->src\main\AndroidManifest.xml:23:9-43
41        android:label="@string/app_name"
41-->src\main\AndroidManifest.xml:24:9-41
42        android:roundIcon="@mipmap/ic_launcher_round"
42-->src\main\AndroidManifest.xml:25:9-54
43        android:supportsRtl="true"
43-->src\main\AndroidManifest.xml:26:9-35
44        android:theme="@style/Theme.FroxaImagenes"
44-->src\main\AndroidManifest.xml:27:9-51
45        android:usesCleartextTraffic="false" >
45-->src\main\AndroidManifest.xml:28:9-45
46        <uses-library
46-->src\main\AndroidManifest.xml:31:9-33:40
47            android:name="org.apache.http.legacy"
47-->src\main\AndroidManifest.xml:32:13-50
48            android:required="false" />
48-->src\main\AndroidManifest.xml:33:13-37
49
50        <meta-data
50-->src\main\AndroidManifest.xml:35:9-37:69
51            android:name="androidx.camera.default.impl"
51-->src\main\AndroidManifest.xml:36:13-56
52            android:value="androidx.camera.camera2.Camera2Config" />
52-->src\main\AndroidManifest.xml:37:13-66
53
54        <provider
55            android:name="androidx.core.content.FileProvider"
55-->src\main\AndroidManifest.xml:40:13-62
56            android:authorities="suzdalenko.photolapse.fileprovider"
56-->src\main\AndroidManifest.xml:41:13-64
57            android:exported="false"
57-->src\main\AndroidManifest.xml:42:13-37
58            android:grantUriPermissions="true" >
58-->src\main\AndroidManifest.xml:43:13-47
59            <meta-data
59-->src\main\AndroidManifest.xml:44:13-46:54
60                android:name="android.support.FILE_PROVIDER_PATHS"
60-->src\main\AndroidManifest.xml:45:17-67
61                android:resource="@xml/file_paths" />
61-->src\main\AndroidManifest.xml:46:17-51
62        </provider>
63
64        <activity
64-->src\main\AndroidManifest.xml:49:9-52:51
65            android:name="suzdalenko.photolapse.ui.CameraActivity"
65-->src\main\AndroidManifest.xml:50:13-67
66            android:configChanges="screenSize|smallestScreenSize|screenLayout|orientation"
66-->src\main\AndroidManifest.xml:49:19-97
67            android:exported="false"
67-->src\main\AndroidManifest.xml:51:13-37
68            android:launchMode="singleInstance"
68-->src\main\AndroidManifest.xml:52:13-48
69            android:supportsPictureInPicture="true" />
69-->src\main\AndroidManifest.xml:49:98-137
70        <activity
70-->src\main\AndroidManifest.xml:53:9-56:58
71            android:name="suzdalenko.photolapse.ui.SettingActivity"
71-->src\main\AndroidManifest.xml:54:13-68
72            android:exported="false"
72-->src\main\AndroidManifest.xml:55:13-37
73            android:theme="@style/Theme.FroxaImagenes" />
73-->src\main\AndroidManifest.xml:56:13-55
74        <activity
74-->src\main\AndroidManifest.xml:57:9-64:20
75            android:name="suzdalenko.photolapse.ui.MainActivity"
75-->src\main\AndroidManifest.xml:58:13-65
76            android:exported="true"
76-->src\main\AndroidManifest.xml:59:13-36
77            android:launchMode="singleInstance" >
77-->src\main\AndroidManifest.xml:59:38-73
78            <intent-filter>
78-->src\main\AndroidManifest.xml:60:13-63:29
79                <action android:name="android.intent.action.MAIN" />
79-->src\main\AndroidManifest.xml:61:17-69
79-->src\main\AndroidManifest.xml:61:25-66
80
81                <category android:name="android.intent.category.LAUNCHER" />
81-->src\main\AndroidManifest.xml:62:17-77
81-->src\main\AndroidManifest.xml:62:27-74
82            </intent-filter>
83        </activity>
84
85        <receiver
85-->src\main\AndroidManifest.xml:66:9-74:20
86            android:name="suzdalenko.photolapse.receiver.BootReceiver"
86-->src\main\AndroidManifest.xml:67:13-71
87            android:enabled="true"
87-->src\main\AndroidManifest.xml:68:13-35
88            android:exported="true" >
88-->src\main\AndroidManifest.xml:69:13-36
89            <intent-filter>
89-->src\main\AndroidManifest.xml:70:13-73:29
90                <action android:name="android.intent.action.BOOT_COMPLETED" />
90-->src\main\AndroidManifest.xml:71:17-79
90-->src\main\AndroidManifest.xml:71:25-76
91
92                <category android:name="android.intent.category.DEFAULT" />
92-->src\main\AndroidManifest.xml:72:17-76
92-->src\main\AndroidManifest.xml:72:27-73
93            </intent-filter>
94        </receiver>
95        <receiver
95-->src\main\AndroidManifest.xml:75:9-83:20
96            android:name="suzdalenko.photolapse.receiver.FirstPlaneReceiver"
96-->src\main\AndroidManifest.xml:76:13-77
97            android:enabled="true"
97-->src\main\AndroidManifest.xml:77:13-35
98            android:exported="false"
98-->src\main\AndroidManifest.xml:78:13-37
99            android:permission="TODO" >
99-->src\main\AndroidManifest.xml:79:13-38
100            <intent-filter>
100-->src\main\AndroidManifest.xml:80:13-82:29
101                <action android:name="com.example.ACTION_EVENT" />
101-->src\main\AndroidManifest.xml:81:17-67
101-->src\main\AndroidManifest.xml:81:25-64
102            </intent-filter>
103        </receiver>
104
105        <service
105-->src\main\AndroidManifest.xml:84:9-87:54
106            android:name="suzdalenko.photolapse.service.FileUploadService"
106-->src\main\AndroidManifest.xml:85:13-75
107            android:exported="false"
107-->src\main\AndroidManifest.xml:86:13-37
108            android:foregroundServiceType="camera" />
108-->src\main\AndroidManifest.xml:87:13-51
109        <service
109-->src\main\AndroidManifest.xml:88:9-91:54
110            android:name="suzdalenko.photolapse.service.PhotoCreateService"
110-->src\main\AndroidManifest.xml:89:13-76
111            android:exported="false"
111-->src\main\AndroidManifest.xml:90:13-37
112            android:foregroundServiceType="camera" />
112-->src\main\AndroidManifest.xml:91:13-51
113
114        <receiver
114-->src\main\AndroidManifest.xml:92:9-120
115            android:name="suzdalenko.photolapse.receiver.StopPhotoCreatingReceiver"
115-->src\main\AndroidManifest.xml:92:19-69
116            android:enabled="true"
116-->src\main\AndroidManifest.xml:92:95-117
117            android:exported="false" />
117-->src\main\AndroidManifest.xml:92:70-94
118        <receiver
118-->src\main\AndroidManifest.xml:93:9-117
119            android:name="suzdalenko.photolapse.receiver.StopFileUploadReceiver"
119-->src\main\AndroidManifest.xml:93:19-66
120            android:enabled="true"
120-->src\main\AndroidManifest.xml:93:92-114
121            android:exported="false" />
121-->src\main\AndroidManifest.xml:93:67-91
122        <receiver
122-->src\main\AndroidManifest.xml:94:9-98:20
123            android:name="suzdalenko.photolapse.receiver.StartServicesReceiver"
123-->src\main\AndroidManifest.xml:94:19-65
124            android:enabled="true"
124-->src\main\AndroidManifest.xml:94:91-113
125            android:exported="false" >
125-->src\main\AndroidManifest.xml:94:66-90
126            <intent-filter>
126-->src\main\AndroidManifest.xml:95:13-97:29
127                <action android:name="android.intent.action.BOOT_COMPLETED" />
127-->src\main\AndroidManifest.xml:71:17-79
127-->src\main\AndroidManifest.xml:71:25-76
128            </intent-filter>
129        </receiver>
130
131        <service
131-->[androidx.camera:camera-camera2:1.3.4] AndroidManifest.xml:24:9-33:19
132            android:name="androidx.camera.core.impl.MetadataHolderService"
132-->[androidx.camera:camera-camera2:1.3.4] AndroidManifest.xml:25:13-75
133            android:enabled="false"
133-->[androidx.camera:camera-camera2:1.3.4] AndroidManifest.xml:26:13-36
134            android:exported="false" >
134-->[androidx.camera:camera-camera2:1.3.4] AndroidManifest.xml:27:13-37
135            <meta-data
135-->[androidx.camera:camera-camera2:1.3.4] AndroidManifest.xml:30:13-32:89
136                android:name="androidx.camera.core.impl.MetadataHolderService.DEFAULT_CONFIG_PROVIDER"
136-->[androidx.camera:camera-camera2:1.3.4] AndroidManifest.xml:31:17-103
137                android:value="androidx.camera.camera2.Camera2Config$DefaultProvider" />
137-->[androidx.camera:camera-camera2:1.3.4] AndroidManifest.xml:32:17-86
138        </service>
139
140        <provider
140-->[androidx.emoji2:emoji2:1.3.0] AndroidManifest.xml:24:9-32:20
141            android:name="androidx.startup.InitializationProvider"
141-->[androidx.emoji2:emoji2:1.3.0] AndroidManifest.xml:25:13-67
142            android:authorities="suzdalenko.photolapse.androidx-startup"
142-->[androidx.emoji2:emoji2:1.3.0] AndroidManifest.xml:26:13-68
143            android:exported="false" >
143-->[androidx.emoji2:emoji2:1.3.0] AndroidManifest.xml:27:13-37
144            <meta-data
144-->[androidx.emoji2:emoji2:1.3.0] AndroidManifest.xml:29:13-31:52
145                android:name="androidx.emoji2.text.EmojiCompatInitializer"
145-->[androidx.emoji2:emoji2:1.3.0] AndroidManifest.xml:30:17-75
146                android:value="androidx.startup" />
146-->[androidx.emoji2:emoji2:1.3.0] AndroidManifest.xml:31:17-49
147            <meta-data
147-->[androidx.lifecycle:lifecycle-process:2.8.3] AndroidManifest.xml:29:13-31:52
148                android:name="androidx.lifecycle.ProcessLifecycleInitializer"
148-->[androidx.lifecycle:lifecycle-process:2.8.3] AndroidManifest.xml:30:17-78
149                android:value="androidx.startup" />
149-->[androidx.lifecycle:lifecycle-process:2.8.3] AndroidManifest.xml:31:17-49
150            <meta-data
150-->[androidx.profileinstaller:profileinstaller:1.3.1] AndroidManifest.xml:29:13-31:52
151                android:name="androidx.profileinstaller.ProfileInstallerInitializer"
151-->[androidx.profileinstaller:profileinstaller:1.3.1] AndroidManifest.xml:30:17-85
152                android:value="androidx.startup" />
152-->[androidx.profileinstaller:profileinstaller:1.3.1] AndroidManifest.xml:31:17-49
153        </provider>
154
155        <uses-library
155-->[androidx.window:window:1.0.0] AndroidManifest.xml:25:9-27:40
156            android:name="androidx.window.extensions"
156-->[androidx.window:window:1.0.0] AndroidManifest.xml:26:13-54
157            android:required="false" />
157-->[androidx.window:window:1.0.0] AndroidManifest.xml:27:13-37
158        <uses-library
158-->[androidx.window:window:1.0.0] AndroidManifest.xml:28:9-30:40
159            android:name="androidx.window.sidecar"
159-->[androidx.window:window:1.0.0] AndroidManifest.xml:29:13-51
160            android:required="false" />
160-->[androidx.window:window:1.0.0] AndroidManifest.xml:30:13-37
161
162        <receiver
162-->[androidx.profileinstaller:profileinstaller:1.3.1] AndroidManifest.xml:34:9-52:20
163            android:name="androidx.profileinstaller.ProfileInstallReceiver"
163-->[androidx.profileinstaller:profileinstaller:1.3.1] AndroidManifest.xml:35:13-76
164            android:directBootAware="false"
164-->[androidx.profileinstaller:profileinstaller:1.3.1] AndroidManifest.xml:36:13-44
165            android:enabled="true"
165-->[androidx.profileinstaller:profileinstaller:1.3.1] AndroidManifest.xml:37:13-35
166            android:exported="true"
166-->[androidx.profileinstaller:profileinstaller:1.3.1] AndroidManifest.xml:38:13-36
167            android:permission="android.permission.DUMP" >
167-->[androidx.profileinstaller:profileinstaller:1.3.1] AndroidManifest.xml:39:13-57
168            <intent-filter>
168-->[androidx.profileinstaller:profileinstaller:1.3.1] AndroidManifest.xml:40:13-42:29
169                <action android:name="androidx.profileinstaller.action.INSTALL_PROFILE" />
169-->[androidx.profileinstaller:profileinstaller:1.3.1] AndroidManifest.xml:41:17-91
169-->[androidx.profileinstaller:profileinstaller:1.3.1] AndroidManifest.xml:41:25-88
170            </intent-filter>
171            <intent-filter>
171-->[androidx.profileinstaller:profileinstaller:1.3.1] AndroidManifest.xml:43:13-45:29
172                <action android:name="androidx.profileinstaller.action.SKIP_FILE" />
172-->[androidx.profileinstaller:profileinstaller:1.3.1] AndroidManifest.xml:44:17-85
172-->[androidx.profileinstaller:profileinstaller:1.3.1] AndroidManifest.xml:44:25-82
173            </intent-filter>
174            <intent-filter>
174-->[androidx.profileinstaller:profileinstaller:1.3.1] AndroidManifest.xml:46:13-48:29
175                <action android:name="androidx.profileinstaller.action.SAVE_PROFILE" />
175-->[androidx.profileinstaller:profileinstaller:1.3.1] AndroidManifest.xml:47:17-88
175-->[androidx.profileinstaller:profileinstaller:1.3.1] AndroidManifest.xml:47:25-85
176            </intent-filter>
177            <intent-filter>
177-->[androidx.profileinstaller:profileinstaller:1.3.1] AndroidManifest.xml:49:13-51:29
178                <action android:name="androidx.profileinstaller.action.BENCHMARK_OPERATION" />
178-->[androidx.profileinstaller:profileinstaller:1.3.1] AndroidManifest.xml:50:17-95
178-->[androidx.profileinstaller:profileinstaller:1.3.1] AndroidManifest.xml:50:25-92
179            </intent-filter>
180        </receiver>
181    </application>
182
183</manifest>